#
# A fatal error has been detected by the Java Runtime Environment:
#
#  EXCEPTION_ACCESS_VIOLATION (0xc0000005) at pc=0x00000000745bca43, pid=7372, tid=9872
#
# JRE version: Java(TM) SE Runtime Environment (8.0_45-b15) (build 1.8.0_45-b15)
# Java VM: Java HotSpot(TM) 64-Bit Server VM (25.45-b02 mixed mode windows-amd64 compressed oops)
# Problematic frame:
# V  [jvm.dll+0x13ca43]
#
# Failed to write core dump. Minidumps are not enabled by default on client versions of Windows
#
# If you would like to submit a bug report, please visit:
#   http://bugreport.java.com/bugreport/crash.jsp
#

---------------  T H R E A D  ---------------

Current thread (0x0000000003043800):  JavaThread "main" [_thread_in_vm, id=9872, stack(0x0000000002f40000,0x0000000003040000)]

siginfo: ExceptionCode=0xc0000005, reading address 0x00000003a35fc268

Registers:
RAX=0x0000000000000000, RBX=0x0000000003043800, RCX=0x0000000000000003, RDX=0x00000003a35fc200
RSP=0x000000000303d660, RBP=0x000000000303d7b0, RSI=0x00000000030439f8, RDI=0x0000000003043800
R8 =0xffff8006921b23b0, R9 =0x00007ff96de4dc7f, R10=0x000000000000002f, R11=0x000000000000002f
R12=0x0000000000000000, R13=0x0000000000000000, R14=0x000000000303d9f0, R15=0x000000000303d9c0
RIP=0x00000000745bca43, EFLAGS=0x0000000000010206

Top of Stack: (sp=0x000000000303d660)
0x000000000303d660:   00007ff96de4dc50 0000000003043800
0x000000000303d670:   000000000303d7b0 0000000000000000
0x000000000303d680:   0000000003043800 0000000000000000
0x000000000303d690:   0000000000000000 0000000000000000
0x000000000303d6a0:   0000000016fe0f10 00007ff96de268f4
0x000000000303d6b0:   00000000030439f8 000000000303d7b0
0x000000000303d6c0:   0000000003043800 00000000031a12e0
0x000000000303d6d0:   0000000000000000 00000000031a13d7
0x000000000303d6e0:   00000000031a16e0 0000000000000000
0x000000000303d6f0:   0000000000000000 0000000000000000
0x000000000303d700:   00000000031a12e0 0000000001010000
0x000000000303d710:   0000000000000000 0000000000000000
0x000000000303d720:   0000000000000000 0000000000000000
0x000000000303d730:   0000000000000000 0000000000000000
0x000000000303d740:   0000000000000000 000000000303d9f8
0x000000000303d750:   000000000303d9d8 000000000303d9c0 

Instructions: (pc=0x00000000745bca43)
0x00000000745bca23:   00 00 48 8b 17 74 15 8b 52 08 8b 0d 75 3d 65 00
0x00000000745bca33:   48 d3 e2 48 03 15 63 3d 65 00 eb 04 48 8b 52 08
0x00000000745bca43:   48 8b 52 68 48 8b ce e8 11 61 0d 00 48 83 7c 24
0x00000000745bca53:   28 00 48 8b f0 74 0a 48 8d 4c 24 20 e8 2c ae 13 


Register to memory mapping:

RAX=0x0000000000000000 is an unknown value
RBX=0x0000000003043800 is a thread
RCX=0x0000000000000003 is an unknown value
RDX=0x00000003a35fc200 is an unknown value
RSP=0x000000000303d660 is pointing into the stack for thread: 0x0000000003043800
RBP=0x000000000303d7b0 is pointing into the stack for thread: 0x0000000003043800
RSI=0x00000000030439f8 is an unknown value
RDI=0x0000000003043800 is a thread
R8 =0xffff8006921b23b0 is an unknown value
R9 =0x00007ff96de4dc7f is an unknown value
R10=0x000000000000002f is an unknown value
R11=0x000000000000002f is an unknown value
R12=0x0000000000000000 is an unknown value
R13=0x0000000000000000 is an unknown value
R14=0x000000000303d9f0 is pointing into the stack for thread: 0x0000000003043800
R15=0x000000000303d9c0 is pointing into the stack for thread: 0x0000000003043800


Stack: [0x0000000002f40000,0x0000000003040000],  sp=0x000000000303d660,  free space=1013k
Native frames: (J=compiled Java code, j=interpreted, Vv=VM code, C=native code)
V  [jvm.dll+0x13ca43]
C  [sqljdbc_auth.dll+0x68f4]
C  0x0000000003155e34

Java frames: (J=compiled Java code, j=interpreted, Vv=VM code)
j  com.microsoft.sqlserver.jdbc.AuthenticationJNI.SNISecGenClientContext([B[I[BI[B[I[ZLjava/lang/String;Ljava/lang/String;Ljava/lang/String;Ljava/util/logging/Logger;)I+0
j  com.microsoft.sqlserver.jdbc.AuthenticationJNI.GenerateClientContext([BI[B[I[Z)I+24
j  com.microsoft.sqlserver.jdbc.SQLServerConnection.SSPIData([B[B[I[ZLcom/microsoft/sqlserver/jdbc/AuthenticationJNI;)V+13
j  com.microsoft.sqlserver.jdbc.SQLServerConnection.sendLogon(Lcom/microsoft/sqlserver/jdbc/SQLServerConnection$LogonCommand;Lcom/microsoft/sqlserver/jdbc/AuthenticationJNI;)V+151
j  com.microsoft.sqlserver.jdbc.SQLServerConnection.logon(Lcom/microsoft/sqlserver/jdbc/SQLServerConnection$LogonCommand;)V+20
j  com.microsoft.sqlserver.jdbc.SQLServerConnection.access$000(Lcom/microsoft/sqlserver/jdbc/SQLServerConnection;Lcom/microsoft/sqlserver/jdbc/SQLServerConnection$LogonCommand;)V+2
j  com.microsoft.sqlserver.jdbc.SQLServerConnection$LogonCommand.doExecute()Z+5
j  com.microsoft.sqlserver.jdbc.TDSCommand.execute(Lcom/microsoft/sqlserver/jdbc/TDSWriter;Lcom/microsoft/sqlserver/jdbc/TDSReader;)Z+30
j  com.microsoft.sqlserver.jdbc.SQLServerConnection.executeCommand(Lcom/microsoft/sqlserver/jdbc/TDSCommand;)Z+45
j  com.microsoft.sqlserver.jdbc.SQLServerConnection.connectHelper(Lcom/microsoft/sqlserver/jdbc/ServerPortPlaceHolder;II)V+284
j  com.microsoft.sqlserver.jdbc.SQLServerConnection.login(Ljava/lang/String;Ljava/lang/String;ILjava/lang/String;Lcom/microsoft/sqlserver/jdbc/FailoverInfo;IJ)V+399
j  com.microsoft.sqlserver.jdbc.SQLServerConnection.connect(Ljava/util/Properties;Lcom/microsoft/sqlserver/jdbc/SQLServerPooledConnection;)Ljava/sql/Connection;+1736
j  com.microsoft.sqlserver.jdbc.SQLServerDriver.connect(Ljava/lang/String;Ljava/util/Properties;)Ljava/sql/Connection;+45
j  java.sql.DriverManager.getConnection(Ljava/lang/String;Ljava/util/Properties;Ljava/lang/Class;)Ljava/sql/Connection;+171
j  java.sql.DriverManager.getConnection(Ljava/lang/String;)Ljava/sql/Connection;+13
j  database.ConnectSqlServer.testDB()V+14
v  ~StubRoutines::call_stub
j  sun.reflect.NativeMethodAccessorImpl.invoke0(Ljava/lang/reflect/Method;Ljava/lang/Object;[Ljava/lang/Object;)Ljava/lang/Object;+0
j  sun.reflect.NativeMethodAccessorImpl.invoke(Ljava/lang/Object;[Ljava/lang/Object;)Ljava/lang/Object;+100
j  sun.reflect.DelegatingMethodAccessorImpl.invoke(Ljava/lang/Object;[Ljava/lang/Object;)Ljava/lang/Object;+6
j  java.lang.reflect.Method.invoke(Ljava/lang/Object;[Ljava/lang/Object;)Ljava/lang/Object;+56
j  org.testng.internal.MethodInvocationHelper.invokeMethod(Ljava/lang/reflect/Method;Ljava/lang/Object;[Ljava/lang/Object;)Ljava/lang/Object;+235
j  org.testng.internal.Invoker.invokeMethod(Ljava/lang/Object;Lorg/testng/ITestNGMethod;[Ljava/lang/Object;ILorg/testng/xml/XmlSuite;Ljava/util/Map;Lorg/testng/ITestClass;[Lorg/testng/ITestNGMethod;[Lorg/testng/ITestNGMethod;Lorg/testng/internal/ConfigurationGroupMethods;Lorg/testng/internal/Invoker$FailureContext;)Lorg/testng/ITestResult;+277
j  org.testng.internal.Invoker.invokeTestMethod(Ljava/lang/Object;Lorg/testng/ITestNGMethod;[Ljava/lang/Object;ILorg/testng/xml/XmlSuite;Ljava/util/Map;Lorg/testng/ITestClass;[Lorg/testng/ITestNGMethod;[Lorg/testng/ITestNGMethod;Lorg/testng/internal/ConfigurationGroupMethods;Lorg/testng/internal/Invoker$FailureContext;)Lorg/testng/ITestResult;+29
j  org.testng.internal.Invoker.invokeTestMethods(Lorg/testng/ITestNGMethod;Lorg/testng/xml/XmlSuite;Ljava/util/Map;Lorg/testng/internal/ConfigurationGroupMethods;Ljava/lang/Object;Lorg/testng/ITestContext;)Ljava/util/List;+675
j  org.testng.internal.TestMethodWorker.invokeTestMethods(Lorg/testng/ITestNGMethod;Ljava/lang/Object;Lorg/testng/ITestContext;)V+19
j  org.testng.internal.TestMethodWorker.run()V+60
j  org.testng.TestRunner.privateRun(Lorg/testng/xml/XmlTest;)V+323
j  org.testng.TestRunner.run()V+26
j  org.testng.SuiteRunner.runTest(Lorg/testng/TestRunner;)V+1
j  org.testng.SuiteRunner.runSequentially()V+31
j  org.testng.SuiteRunner.privateRun()V+282
j  org.testng.SuiteRunner.run()V+6
j  org.testng.SuiteRunnerWorker.runSuite(Lorg/testng/internal/SuiteRunnerMap;Lorg/testng/xml/XmlSuite;)V+89
j  org.testng.SuiteRunnerWorker.run()V+12
j  org.testng.TestNG.runSuitesSequentially(Lorg/testng/xml/XmlSuite;Lorg/testng/internal/SuiteRunnerMap;ILjava/lang/String;)V+66
j  org.testng.TestNG.runSuitesLocally()Ljava/util/List;+143
j  org.testng.TestNG.run()V+81
j  org.testng.remote.RemoteTestNG.run()V+208
j  org.testng.remote.RemoteTestNG.initAndRun([Ljava/lang/String;Lorg/testng/CommandLineArgs;Lorg/testng/remote/RemoteArgs;)V+171
j  org.testng.remote.RemoteTestNG.main([Ljava/lang/String;)V+106
v  ~StubRoutines::call_stub

---------------  P R O C E S S  ---------------

Java Threads: ( => current thread )
  0x00000000178ef800 JavaThread "ReaderThread" [_thread_in_native, id=12224, stack(0x00000000180e0000,0x00000000181e0000)]
  0x00000000157ad800 JavaThread "Service Thread" daemon [_thread_blocked, id=7220, stack(0x00000000173a0000,0x00000000174a0000)]
  0x000000001575a000 JavaThread "C1 CompilerThread2" daemon [_thread_blocked, id=9412, stack(0x0000000016ea0000,0x0000000016fa0000)]
  0x0000000015756000 JavaThread "C2 CompilerThread1" daemon [_thread_blocked, id=13860, stack(0x0000000016da0000,0x0000000016ea0000)]
  0x0000000015753800 JavaThread "C2 CompilerThread0" daemon [_thread_blocked, id=8736, stack(0x0000000016ca0000,0x0000000016da0000)]
  0x000000001574f000 JavaThread "Attach Listener" daemon [_thread_blocked, id=11220, stack(0x0000000016ba0000,0x0000000016ca0000)]
  0x000000001574d800 JavaThread "Signal Dispatcher" daemon [_thread_blocked, id=3804, stack(0x0000000016aa0000,0x0000000016ba0000)]
  0x0000000003139000 JavaThread "Finalizer" daemon [_thread_blocked, id=4676, stack(0x00000000169a0000,0x0000000016aa0000)]
  0x0000000003130000 JavaThread "Reference Handler" daemon [_thread_blocked, id=5264, stack(0x00000000168a0000,0x00000000169a0000)]
=>0x0000000003043800 JavaThread "main" [_thread_in_vm, id=9872, stack(0x0000000002f40000,0x0000000003040000)]

Other Threads:
  0x0000000015717800 VMThread [stack: 0x00000000167a0000,0x00000000168a0000] [id=4596]
  0x00000000157ae000 WatcherThread [stack: 0x00000000174a0000,0x00000000175a0000] [id=11948]

VM state:not at safepoint (normal execution)

VM Mutex/Monitor currently owned by a thread: None

Heap:
 PSYoungGen      total 18944K, used 13376K [0x00000000eb180000, 0x00000000ec680000, 0x0000000100000000)
  eden space 16384K, 66% used [0x00000000eb180000,0x00000000ebc14df8,0x00000000ec180000)
  from space 2560K, 99% used [0x00000000ec180000,0x00000000ec3fb5f8,0x00000000ec400000)
  to   space 2560K, 0% used [0x00000000ec400000,0x00000000ec400000,0x00000000ec680000)
 ParOldGen       total 44032K, used 963K [0x00000000c1400000, 0x00000000c3f00000, 0x00000000eb180000)
  object space 44032K, 2% used [0x00000000c1400000,0x00000000c14f0f80,0x00000000c3f00000)
 Metaspace       used 11064K, capacity 11260K, committed 11520K, reserved 1058816K
  class space    used 1205K, capacity 1250K, committed 1280K, reserved 1048576K

Card table byte_map: [0x0000000012500000,0x0000000012700000] byte_map_base: 0x0000000011ef6000

Marking Bits: (ParMarkBitMap*) 0x0000000074c84040
 Begin Bits: [0x0000000012c50000, 0x0000000013c00000)
 End Bits:   [0x0000000013c00000, 0x0000000014bb0000)

Polling page: 0x0000000001780000

CodeCache: size=245760Kb used=3480Kb max_used=3495Kb free=242279Kb
 bounds [0x0000000003140000, 0x00000000034b0000, 0x0000000012140000]
 total_blobs=1280 nmethods=928 adapters=265
 compilation: enabled

Compilation events (10 events):
Event: 1.088 Thread 0x0000000015756000  925       4       sun.security.provider.MD5::GG (33 bytes)
Event: 1.088 Thread 0x000000001575a000 nmethod 923 0x000000000349e050 code [0x000000000349e1c0, 0x000000000349e408]
Event: 1.089 Thread 0x000000001575a000  928       3       sun.security.provider.DigestBase::engineDigest (112 bytes)
Event: 1.089 Thread 0x0000000015753800 nmethod 924 0x000000000349de50 code [0x000000000349df80, 0x000000000349dff8]
Event: 1.089 Thread 0x0000000015753800  926       4       sun.security.provider.MD5::HH (29 bytes)
Event: 1.089 Thread 0x0000000015756000 nmethod 925 0x000000000349dc50 code [0x000000000349dd80, 0x000000000349ddf8]
Event: 1.089 Thread 0x0000000015756000  927       4       sun.security.provider.MD5::II (31 bytes)
Event: 1.089 Thread 0x0000000015753800 nmethod 926 0x000000000349da50 code [0x000000000349db80, 0x000000000349dbf8]
Event: 1.089 Thread 0x0000000015756000 nmethod 927 0x000000000349d850 code [0x000000000349d980, 0x000000000349d9f8]
Event: 1.089 Thread 0x000000001575a000 nmethod 928 0x00000000034a2150 code [0x00000000034a23c0, 0x00000000034a3458]

GC Heap History (2 events):
Event: 0.684 GC heap before
{Heap before GC invocations=1 (full 0):
 PSYoungGen      total 18944K, used 16384K [0x00000000eb180000, 0x00000000ec680000, 0x0000000100000000)
  eden space 16384K, 100% used [0x00000000eb180000,0x00000000ec180000,0x00000000ec180000)
  from space 2560K, 0% used [0x00000000ec400000,0x00000000ec400000,0x00000000ec680000)
  to   space 2560K, 0% used [0x00000000ec180000,0x00000000ec180000,0x00000000ec400000)
 ParOldGen       total 44032K, used 0K [0x00000000c1400000, 0x00000000c3f00000, 0x00000000eb180000)
  object space 44032K, 0% used [0x00000000c1400000,0x00000000c1400000,0x00000000c3f00000)
 Metaspace       used 8644K, capacity 8758K, committed 8960K, reserved 1056768K
  class space    used 963K, capacity 1015K, committed 1024K, reserved 1048576K
Event: 0.688 GC heap after
Heap after GC invocations=1 (full 0):
 PSYoungGen      total 18944K, used 2541K [0x00000000eb180000, 0x00000000ec680000, 0x0000000100000000)
  eden space 16384K, 0% used [0x00000000eb180000,0x00000000eb180000,0x00000000ec180000)
  from space 2560K, 99% used [0x00000000ec180000,0x00000000ec3fb5f8,0x00000000ec400000)
  to   space 2560K, 0% used [0x00000000ec400000,0x00000000ec400000,0x00000000ec680000)
 ParOldGen       total 44032K, used 963K [0x00000000c1400000, 0x00000000c3f00000, 0x00000000eb180000)
  object space 44032K, 2% used [0x00000000c1400000,0x00000000c14f0f80,0x00000000c3f00000)
 Metaspace       used 8644K, capacity 8758K, committed 8960K, reserved 1056768K
  class space    used 963K, capacity 1015K, committed 1024K, reserved 1048576K
}

Deoptimization events (5 events):
Event: 0.185 Thread 0x0000000003043800 Uncommon trap: reason=unstable_if action=reinterpret pc=0x0000000003266cb8 method=java.lang.String.hashCode()I @ 14
Event: 0.397 Thread 0x0000000003043800 Uncommon trap: reason=unstable_if action=reinterpret pc=0x00000000032de320 method=java.lang.String.indexOf([CII[CIII)I @ 3
Event: 0.722 Thread 0x0000000003043800 Uncommon trap: reason=unstable_if action=reinterpret pc=0x00000000033522e4 method=java.lang.AbstractStringBuilder.append(Ljava/lang/String;)Ljava/lang/AbstractStringBuilder; @ 1
Event: 0.826 Thread 0x0000000003043800 Uncommon trap: reason=unstable_if action=reinterpret pc=0x000000000332b0c8 method=sun.misc.MetaIndex.mayContain(Ljava/lang/String;)Z @ 38
Event: 0.919 Thread 0x0000000003043800 Uncommon trap: reason=unstable_if action=reinterpret pc=0x00000000033e0d54 method=java.lang.CharacterDataLatin1.digit(II)I @ 82

Internal exceptions (10 events):
Event: 0.041 Thread 0x0000000003043800 Exception <a 'java/lang/NoSuchMethodError': Method sun.misc.Unsafe.defineClass(Ljava/lang/String;[BII)Ljava/lang/Class; name or signature does not match> (0x00000000eb190168) thrown at [C:\re\workspace\8-2-build-windows-amd64-cygwin\jdk8u45\3627\hotspot\sr½´3ƒ/¥?
Event: 0.041 Thread 0x0000000003043800 Exception <a 'java/lang/NoSuchMethodError': Method sun.misc.Unsafe.prefetchRead(Ljava/lang/Object;J)V name or signature does not match> (0x00000000eb1903f8) thrown at [C:\re\workspace\8-2-build-windows-amd64-cygwin\jdk8u45\3627\hotspot\src\share\vm\prims\j#ô){Ë?
Event: 0.215 Thread 0x0000000003043800 Exception <a 'java/security/PrivilegedActionException'> (0x00000000eb4e4508) thrown at [C:\re\workspace\8-2-build-windows-amd64-cygwin\jdk8u45\3627\hotspot\src\share\vm\prims\jvm.cpp, line 1382]
Event: 0.215 Thread 0x0000000003043800 Exception <a 'java/security/PrivilegedActionException'> (0x00000000eb4e46c0) thrown at [C:\re\workspace\8-2-build-windows-amd64-cygwin\jdk8u45\3627\hotspot\src\share\vm\prims\jvm.cpp, line 1382]
Event: 0.215 Thread 0x0000000003043800 Exception <a 'java/security/PrivilegedActionException'> (0x00000000eb4e8458) thrown at [C:\re\workspace\8-2-build-windows-amd64-cygwin\jdk8u45\3627\hotspot\src\share\vm\prims\jvm.cpp, line 1382]
Event: 0.215 Thread 0x0000000003043800 Exception <a 'java/security/PrivilegedActionException'> (0x00000000eb4e8610) thrown at [C:\re\workspace\8-2-build-windows-amd64-cygwin\jdk8u45\3627\hotspot\src\share\vm\prims\jvm.cpp, line 1382]
Event: 0.287 Thread 0x0000000003043800 Exception <a 'java/lang/ArrayIndexOutOfBoundsException'> (0x00000000eb70d748) thrown at [C:\re\workspace\8-2-build-windows-amd64-cygwin\jdk8u45\3627\hotspot\src\share\vm\runtime\sharedRuntime.cpp, line 605]
Event: 0.287 Thread 0x0000000003043800 Exception <a 'java/lang/ArrayIndexOutOfBoundsException'> (0x00000000eb70e5f8) thrown at [C:\re\workspace\8-2-build-windows-amd64-cygwin\jdk8u45\3627\hotspot\src\share\vm\runtime\sharedRuntime.cpp, line 605]
Event: 0.614 Thread 0x0000000003043800 Exception <a 'java/lang/NoSuchMethodError': <clinit>> (0x00000000ebfdf350) thrown at [C:\re\workspace\8-2-build-windows-amd64-cygwin\jdk8u45\3627\hotspot\src\share\vm\prims\jni.cpp, line 1598]
Event: 0.722 Thread 0x0000000003043800 Implicit null exception at 0x0000000003351f96 to 0x00000000033522cd

Events (10 events):
Event: 1.091 loading class javax/crypto/MacSpi
Event: 1.091 loading class javax/crypto/MacSpi done
Event: 1.093 loading class sun/security/ssl/CipherBox$1
Event: 1.093 loading class sun/security/ssl/CipherBox$1 done
Event: 1.093 loading class java/lang/StrictMath
Event: 1.094 loading class java/lang/StrictMath done
Event: 1.095 loading class com/microsoft/sqlserver/jdbc/AuthenticationJNI
Event: 1.095 loading class com/microsoft/sqlserver/jdbc/AuthenticationJNI done
Event: 1.095 loading class java/lang/ClassLoaderHelper
Event: 1.095 loading class java/lang/ClassLoaderHelper done


Dynamic libraries:
0x00007ff61ea00000 - 0x00007ff61ea37000 	C:\Program Files\Java\jdk1.8.0_45\bin\javaw.exe
0x00007ff990a90000 - 0x00007ff990c61000 	C:\WINDOWS\SYSTEM32\ntdll.dll
0x00007ff98e840000 - 0x00007ff98e8eb000 	C:\WINDOWS\System32\KERNEL32.DLL
0x00007ff98d960000 - 0x00007ff98db7d000 	C:\WINDOWS\System32\KERNELBASE.dll
0x00007ff98ed20000 - 0x00007ff98edc2000 	C:\WINDOWS\System32\ADVAPI32.dll
0x00007ff98eee0000 - 0x00007ff98ef7e000 	C:\WINDOWS\System32\msvcrt.dll
0x00007ff98ea20000 - 0x00007ff98ea79000 	C:\WINDOWS\System32\sechost.dll
0x00007ff98e8f0000 - 0x00007ff98ea11000 	C:\WINDOWS\System32\RPCRT4.dll
0x00007ff990490000 - 0x00007ff9905f5000 	C:\WINDOWS\System32\USER32.dll
0x00007ff98d7f0000 - 0x00007ff98d80e000 	C:\WINDOWS\System32\win32u.dll
0x00007ff98e640000 - 0x00007ff98e674000 	C:\WINDOWS\System32\GDI32.dll
0x00007ff98d660000 - 0x00007ff98d7e2000 	C:\WINDOWS\System32\gdi32full.dll
0x00007ff980d90000 - 0x00007ff981009000 	C:\WINDOWS\WinSxS\amd64_microsoft.windows.common-controls_6595b64144ccf1df_6.0.14393.0_none_2d0f50fcbdb171b8\COMCTL32.dll
0x00007ff98e020000 - 0x00007ff98e2e7000 	C:\WINDOWS\System32\combase.dll
0x00007ff98dc30000 - 0x00007ff98dd25000 	C:\WINDOWS\System32\ucrtbase.dll
0x00007ff98dde0000 - 0x00007ff98de4a000 	C:\WINDOWS\System32\bcryptPrimitives.dll
0x00007ff98eeb0000 - 0x00007ff98eede000 	C:\WINDOWS\System32\IMM32.DLL
0x0000000075fa0000 - 0x0000000076072000 	C:\Program Files\Java\jdk1.8.0_45\jre\bin\msvcr100.dll
0x0000000074480000 - 0x0000000074d03000 	C:\Program Files\Java\jdk1.8.0_45\jre\bin\server\jvm.dll
0x00007ff98e440000 - 0x00007ff98e448000 	C:\WINDOWS\System32\PSAPI.DLL
0x00007ff98b170000 - 0x00007ff98b193000 	C:\WINDOWS\SYSTEM32\WINMM.dll
0x00007ff981170000 - 0x00007ff98117a000 	C:\WINDOWS\SYSTEM32\VERSION.dll
0x00007ff97d180000 - 0x00007ff97d189000 	C:\WINDOWS\SYSTEM32\WSOCK32.dll
0x0000000001750000 - 0x000000000177b000 	C:\WINDOWS\SYSTEM32\WINMMBASE.dll
0x00007ff98ee40000 - 0x00007ff98eeaa000 	C:\WINDOWS\System32\WS2_32.dll
0x00007ff98d810000 - 0x00007ff98d852000 	C:\WINDOWS\System32\cfgmgr32.dll
0x0000000076690000 - 0x000000007669f000 	C:\Program Files\Java\jdk1.8.0_45\jre\bin\verify.dll
0x0000000075f70000 - 0x0000000075f99000 	C:\Program Files\Java\jdk1.8.0_45\jre\bin\java.dll
0x0000000075ee0000 - 0x0000000075ef6000 	C:\Program Files\Java\jdk1.8.0_45\jre\bin\zip.dll
0x00007ff98ef80000 - 0x00007ff990488000 	C:\WINDOWS\System32\SHELL32.dll
0x00007ff98cf80000 - 0x00007ff98d65a000 	C:\WINDOWS\System32\windows.storage.dll
0x00007ff98cf30000 - 0x00007ff98cf7c000 	C:\WINDOWS\System32\powrprof.dll
0x00007ff98e2f0000 - 0x00007ff98e342000 	C:\WINDOWS\System32\shlwapi.dll
0x00007ff98cef0000 - 0x00007ff98ceff000 	C:\WINDOWS\System32\kernel.appcore.dll
0x00007ff98dd30000 - 0x00007ff98ddd9000 	C:\WINDOWS\System32\shcore.dll
0x00007ff98cf00000 - 0x00007ff98cf14000 	C:\WINDOWS\System32\profapi.dll
0x0000000075ec0000 - 0x0000000075eda000 	C:\Program Files\Java\jdk1.8.0_45\jre\bin\net.dll
0x00007ff98c560000 - 0x00007ff98c5bc000 	C:\WINDOWS\system32\mswsock.dll
0x00007ff98c350000 - 0x00007ff98c3f0000 	C:\WINDOWS\SYSTEM32\DNSAPI.dll
0x00007ff98e410000 - 0x00007ff98e418000 	C:\WINDOWS\System32\NSI.dll
0x00007ff98c310000 - 0x00007ff98c348000 	C:\WINDOWS\SYSTEM32\IPHLPAPI.DLL
0x00007ff9813f0000 - 0x00007ff9813fa000 	C:\Windows\System32\rasadhlp.dll
0x00007ff986070000 - 0x00007ff9860da000 	C:\WINDOWS\System32\fwpuclnt.dll
0x00007ff98ce30000 - 0x00007ff98ce5b000 	C:\WINDOWS\SYSTEM32\bcrypt.dll
0x00007ff98c960000 - 0x00007ff98c977000 	C:\WINDOWS\SYSTEM32\CRYPTSP.dll
0x00007ff98c7a0000 - 0x00007ff98c7d3000 	C:\WINDOWS\system32\rsaenh.dll
0x00007ff98c840000 - 0x00007ff98c85f000 	C:\WINDOWS\SYSTEM32\USERENV.dll
0x00007ff98c980000 - 0x00007ff98c98b000 	C:\WINDOWS\SYSTEM32\CRYPTBASE.dll
0x00007ff988460000 - 0x00007ff988476000 	C:\WINDOWS\SYSTEM32\dhcpcsvc6.DLL
0x00007ff988b90000 - 0x00007ff988baa000 	C:\WINDOWS\SYSTEM32\dhcpcsvc.DLL
0x0000000075ea0000 - 0x0000000075eb1000 	C:\Program Files\Java\jdk1.8.0_45\jre\bin\nio.dll
0x0000000075e70000 - 0x0000000075e94000 	C:\Program Files\Java\jdk1.8.0_45\jre\bin\sunec.dll
0x00007ff97c600000 - 0x00007ff97c616000 	C:\WINDOWS\system32\napinsp.dll
0x00007ff97c5e0000 - 0x00007ff97c5fa000 	C:\WINDOWS\system32\pnrpnsp.dll
0x00007ff98ab80000 - 0x00007ff98ab98000 	C:\WINDOWS\system32\NLAapi.dll
0x00007ff97c5d0000 - 0x00007ff97c5de000 	C:\WINDOWS\System32\winrnr.dll
0x00007ff97b110000 - 0x00007ff97b125000 	C:\WINDOWS\System32\wshbth.dll
0x00007ff96de20000 - 0x00007ff96de6e000 	C:\Program Files\Java\jre1.8.0_101\bin\sqljdbc_auth.dll
0x00007ff98e500000 - 0x00007ff98e637000 	C:\WINDOWS\System32\ole32.dll
0x00007ff98de50000 - 0x00007ff98e018000 	C:\WINDOWS\System32\CRYPT32.dll
0x00007ff98cf20000 - 0x00007ff98cf30000 	C:\WINDOWS\System32\MSASN1.dll
0x00007ff980ce0000 - 0x00007ff980cec000 	C:\WINDOWS\system32\secur32.dll
0x00007ff98cb60000 - 0x00007ff98cb8c000 	C:\WINDOWS\SYSTEM32\SSPICLI.DLL
0x00007ff98c5f0000 - 0x00007ff98c6e0000 	C:\WINDOWS\system32\kerberos.DLL
0x00007ff98c4f0000 - 0x00007ff98c557000 	C:\WINDOWS\system32\msv1_0.DLL
0x00007ff98c4e0000 - 0x00007ff98c4ec000 	C:\WINDOWS\SYSTEM32\NtlmShared.dll
0x00007ff98c8c0000 - 0x00007ff98c8d5000 	C:\WINDOWS\SYSTEM32\cryptdll.dll
0x00007ff983970000 - 0x00007ff983999000 	C:\WINDOWS\system32\ntdsapi.dll
0x00007ff97ecd0000 - 0x00007ff97ee62000 	C:\WINDOWS\SYSTEM32\dbghelp.dll

VM Arguments:
jvm_args: -ea -Dfile.encoding=Cp1252 
java_command: org.testng.remote.RemoteTestNG -serport 53408 -d C:\Scripts\com.Companyname.Framework\test-output C:\Users\Abhijit\AppData\Local\Temp\testng-eclipse-189622705\testng-customsuite.xml
java_class_path (initial): C:\Scripts\com.Companyname.Framework\target\test-classes;C:\Scripts\com.Companyname.Framework\target\classes;C:\selenium server3.0\poi-bin-3.14\commons-io-2.5.jar;C:\selenium server3.0\sqljdbc4-3.0.jar\sqljdbc4-3.0.jar;C:\Users\Abhijit\.m2\repository\org\seleniumhq\selenium\selenium-java\3.0.0-beta2\selenium-java-3.0.0-beta2.jar;C:\Users\Abhijit\.m2\repository\org\seleniumhq\selenium\selenium-chrome-driver\3.0.0-beta2\selenium-chrome-driver-3.0.0-beta2.jar;C:\Users\Abhijit\.m2\repository\org\seleniumhq\selenium\selenium-api\3.0.0-beta2\selenium-api-3.0.0-beta2.jar;C:\Users\Abhijit\.m2\repository\org\apache\commons\commons-exec\1.3\commons-exec-1.3.jar;C:\Users\Abhijit\.m2\repository\com\google\code\gson\gson\2.3.1\gson-2.3.1.jar;C:\Users\Abhijit\.m2\repository\com\google\guava\guava\19.0\guava-19.0.jar;C:\Users\Abhijit\.m2\repository\net\java\dev\jna\jna\4.1.0\jna-4.1.0.jar;C:\Users\Abhijit\.m2\repository\net\java\dev\jna\jna-platform\4.1.0\jna-platform-4.1.0.jar;C:\Users\Abhijit\.m2\repository\org\seleniumhq\selenium\selenium-edge-driver\3.0.0-beta2\selenium-edge-driver-3.0.0-beta2.jar;C:\Users\Abhijit\.m2\repository\org\seleniumhq\selenium\selenium-firefox-driver\3.0.0-beta2\selenium-firefox-driver-3.0.0-beta2.jar;C:\Users\Abhijit\.m2\repository\org\seleniumhq\selenium\selenium-ie-driver\3.0.0-beta2\selenium-ie-driver-3.0.0-beta2.jar;C:\Users\Abhijit\.m2\repository\org\seleniumhq\selenium\selenium-opera-driver\3.0.0-beta2\selenium-opera-driver-3.0.0-beta2.jar;C:\Users\Abhijit\.m2\repository\org\seleniumhq\selenium\selenium-remote-driver\3.0.0-beta2\selenium-remote-driver-3.0.0-beta2.jar;C:\Users\Abhijit\.m2\repository\cglib\cglib-nodep\3.2.4\cglib-nodep-3.2.4.jar;C:\Users\Abhijit\.m2\repository\commons-logging\commons-logging\1.2\commons-logging-1.2.jar;C:\Users\Abhijit\.m2\repository\org\apache\httpcomponents\httpclient\4.5.2\httpclient-4.5.2.jar;C:\Users\Abhijit\.m2\repository\org\apache\httpcomponents\httpcore\4.4.4\httpcore-4.4.4.j
Launcher Type: SUN_STANDARD

Environment Variables:
JAVA_HOME=C:\Program Files\Java\jdk1.8.0_101
PATH=C:/Program Files/Java/jre1.8.0_101/bin/server;C:/Program Files/Java/jre1.8.0_101/bin;C:/Program Files/Java/jre1.8.0_101/lib/amd64;C:\ProgramData\Oracle\Java\javapath;C:\Program Files (x86)\Lenovo\FusionEngine;C:\Program Files (x86)\Intel\iCLS Client\;C:\Program Files\Intel\iCLS Client\;C:\WINDOWS\system32;C:\WINDOWS;C:\WINDOWS\System32\Wbem;C:\WINDOWS\System32\WindowsPowerShell\v1.0\;C:\Program Files (x86)\ATI Technologies\ATI.ACE\Core-Static;C:\Program Files\Intel\Intel(R) Management Engine Components\DAL;C:\Program Files (x86)\Intel\Intel(R) Management Engine Components\DAL;C:\Program Files\Intel\Intel(R) Management Engine Components\IPT;C:\Program Files (x86)\Intel\Intel(R) Management Engine Components\IPT;C:\Program Files (x86)\Common Files\lenovo\easyplussdk\bin;C:\Program Files\Java\jdk1.8.0_101\bin;C:\Program Files (x86)\Skype\Phone\;C:\Maven\apache-maven-3.3.9\bin;C:\Appium\android-sdk_r24.4.1-windows\android-sdk-windows\tools;C:\Appium\android-sdk_r24.4.1-windows\android-sdk-windows\platform-tools;C:\Appium\android-sdk_r24.4.1-windows\android-sdk-windows\tools\build-tools;C:\Program Files\MySQL\MySQL Utilities 1.6\;C:\Program Files\Microsoft SQL Server\Client SDK\ODBC\110\Tools\Binn\;C:\Program Files (x86)\Microsoft SQL Server\120\Tools\Binn\;C:\Program Files\Microsoft SQL Server\120\Tools\Binn\;C:\Program Files\Microsoft SQL Server\120\DTS\Binn\;C:\Program Files (x86)\Microsoft SQL Server\120\Tools\Binn\ManagementStudio\;C:\Program Files (x86)\Microsoft SQL Server\120\DTS\Binn\;C:\Users\Abhijit\AppData\Local\Microsoft\WindowsApps;;D:\eclipse-standard-luna-R-win32-x86_64\eclipse;
USERNAME=Abhijit
OS=Windows_NT
PROCESSOR_IDENTIFIER=Intel64 Family 6 Model 61 Stepping 4, GenuineIntel



---------------  S Y S T E M  ---------------

OS: Windows 10.0 , 64 bit Build 14393 (10.0.14393.0)

CPU:total 4 (2 cores per cpu, 2 threads per core) family 6 model 61 stepping 4, cmov, cx8, fxsr, mmx, sse, sse2, sse3, ssse3, sse4.1, sse4.2, popcnt, avx, avx2, aes, clmul, erms, 3dnowpref, lzcnt, ht, tsc, tscinvbit, bmi1, bmi2, adx

Memory: 4k page, physical 4107344k(857812k free), swap 7253072k(1089508k free)

vm_info: Java HotSpot(TM) 64-Bit Server VM (25.45-b02) for windows-amd64 JRE (1.8.0_45-b15), built on Apr 30 2015 12:40:44 by "java_re" with MS VC++ 10.0 (VS2010)

time: Sun Oct 09 19:37:10 2016
elapsed time: 1 seconds (0d 0h 0m 1s)

